Base path: D:/UnityEngine/Editor/Data
Cmd: initializeCompiler
Cmd: compileComputeKernel
  api=14 insize=1226 outsize=1357 ok=1
Cmd: compileComputeKernel
  api=14 insize=3158 outsize=48849 ok=1
Cmd: compileComputeKernel
  api=14 insize=11176 outsize=10553 ok=1
Cmd: compileComputeKernel
  api=4 insize=5032 outsize=3733 ok=1
Cmd: compileComputeKernel
  api=14 insize=18731 outsize=9637 ok=1
Cmd: compileComputeKernel
  api=4 insize=18731 outsize=8693 ok=1
Cmd: compileComputeKernel
  api=4 insize=18731 outsize=10377 ok=1
Cmd: translateComputeKernel
  api=14 insize=7001 outsize=13529 ok=1
Cmd: compileComputeKernel
  api=14 insize=3174 outsize=2129 ok=1
Cmd: compileComputeKernel
  api=14 insize=1864 outsize=2001 ok=1
Cmd: translateComputeKernel
  api=14 insize=2001 outsize=3541 ok=1
Cmd: compileComputeKernel
  api=14 insize=2120 outsize=1505 ok=1
Cmd: initializeCompiler
