Base path: D:/UnityEngine/Editor/Data
Cmd: initializeCompiler
Cmd: compileComputeKernel
  api=14 insize=2134 outsize=2129 ok=1
Cmd: translateComputeKernel
  api=14 insize=2129 outsize=3889 ok=1
Cmd: compileComputeKernel
  api=4 insize=3158 outsize=48145 ok=1
Cmd: translateComputeKernel
  api=14 insize=48469 outsize=85357 ok=1
Cmd: compileComputeKernel
  api=14 insize=11176 outsize=11453 ok=1
Cmd: translateComputeKernel
  api=14 insize=10553 outsize=18425 ok=1
Cmd: compileComputeKernel
  api=14 insize=5032 outsize=10993 ok=1
Cmd: translateComputeKernel
  api=14 insize=5397 outsize=7573 ok=1
Cmd: compileComputeKernel
  api=14 insize=18731 outsize=9397 ok=1
Cmd: compileComputeKernel
  api=4 insize=18731 outsize=8545 ok=1
Cmd: compileComputeKernel
  api=4 insize=18731 outsize=8925 ok=1
Cmd: translateComputeKernel
  api=14 insize=9533 outsize=16357 ok=1
Cmd: translateComputeKernel
  api=14 insize=11321 outsize=24805 ok=1
Cmd: compileComputeKernel
  api=4 insize=3174 outsize=1329 ok=1
Cmd: translateComputeKernel
  api=14 insize=853 outsize=785 ok=1
Cmd: initializeCompiler
